{"level":"info","message":"User logged in: alice.johnson@ks.gov","timestamp":"2025-03-13 06:48:05"}
{"level":"info","message":"2025-03-13T11:48:05.366Z [INFO] : ::ffff:127.0.0.1 /login 200 224.813 ms","timestamp":"2025-03-13 06:48:05"}
{"level":"info","message":"2025-03-13T11:48:29.573Z [INFO] : ::1 /residentLogin 400 8.963 ms","timestamp":"2025-03-13 06:48:29"}
{"level":"info","message":"2025-03-13T11:48:32.405Z [INFO] : ::1 /residentLogin 400 3.527 ms","timestamp":"2025-03-13 06:48:32"}
{"level":"info","message":"2025-03-13T11:48:33.116Z [INFO] : ::1 /residentLogin 400 2.946 ms","timestamp":"2025-03-13 06:48:33"}
{"level":"info","message":"User logged in: #5983742: chloe, walker","timestamp":"2025-03-13 06:49:35"}
{"level":"info","message":"Resident logged out: #5983742: chloe walker ","timestamp":"2025-03-13 06:49:48"}
{"level":"info","message":"User logged in: #4782635: sophia, clark","timestamp":"2025-03-13 06:49:50"}
{"level":"info","message":"User logged out: alice.johnson@ks.gov","timestamp":"2025-03-13 06:50:06"}
{"level":"info","message":"User logged in: shawn.williams@ks.gov","timestamp":"2025-03-13 06:50:25"}
{"level":"info","message":"2025-03-13T11:50:25.256Z [INFO] : ::ffff:127.0.0.1 /login 200 164.196 ms","timestamp":"2025-03-13 06:50:25"}
{"level":"warn","message":"An error occurred while editing company position:  Parameter \"filter\" to findOneAndUpdate() must be an object, got \"67cedc65795626c18752cecf\" (type string)","stack":"ObjectParameterError: Parameter \"filter\" to findOneAndUpdate() must be an object, got \"67cedc65795626c18752cecf\" (type string)\n    at Query.findOneAndUpdate (C:\\Users\\KCTCodingIm12\\Desktop\\KCI PI Beta 3.0\\node_modules\\mongoose\\lib\\query.js:3359:7)\n    at Model.findOneAndUpdate (C:\\Users\\KCTCodingIm12\\Desktop\\KCI PI Beta 3.0\\node_modules\\mongoose\\lib\\model.js:2321:13)\n    at editSearchedPosition (C:\\Users\\KCTCodingIm12\\Desktop\\KCI PI Beta 3.0\\api\\controllers\\employerControllers.js:364:18)\n    at Layer.handle [as handle_request] (C:\\Users\\KCTCodingIm12\\Desktop\\KCI PI Beta 3.0\\node_modules\\express\\lib\\router\\layer.js:95:5)\n    at next (C:\\Users\\KCTCodingIm12\\Desktop\\KCI PI Beta 3.0\\node_modules\\express\\lib\\router\\route.js:149:13)\n    at C:\\Users\\KCTCodingIm12\\Desktop\\KCI PI Beta 3.0\\api\\middleware\\authMiddleware.js:51:7\n    at Layer.handle [as handle_request] (C:\\Users\\KCTCodingIm12\\Desktop\\KCI PI Beta 3.0\\node_modules\\express\\lib\\router\\layer.js:95:5)\n    at next (C:\\Users\\KCTCodingIm12\\Desktop\\KCI PI Beta 3.0\\node_modules\\express\\lib\\router\\route.js:149:13)\n    at module.exports (C:\\Users\\KCTCodingIm12\\Desktop\\KCI PI Beta 3.0\\api\\middleware\\sessionSecurity.js:10:3)\n    at Layer.handle [as handle_request] (C:\\Users\\KCTCodingIm12\\Desktop\\KCI PI Beta 3.0\\node_modules\\express\\lib\\router\\layer.js:95:5)","timestamp":"2025-03-13 06:51:30"}
{"level":"info","message":"User logged out: shawn.williams@ks.gov","timestamp":"2025-03-13 06:53:38"}
{"level":"info","message":"User logged in: kari.johnson@ks.gov","timestamp":"2025-03-13 06:53:43"}
{"level":"info","message":"2025-03-13T11:53:43.111Z [INFO] : ::ffff:127.0.0.1 /login 200 172.988 ms","timestamp":"2025-03-13 06:53:43"}
{"level":"info","message":"2025-03-13T12:01:46.740Z [INFO] : ::ffff:127.0.0.1 /shared/residentProfile/4782635 500 3863.889 ms","timestamp":"2025-03-13 07:01:46"}
{"level":"info","message":"2025-03-13T12:01:58.334Z [INFO] : ::ffff:127.0.0.1 /shared/residentProfile/4782635 500 1618.799 ms","timestamp":"2025-03-13 07:01:58"}
{"level":"info","message":"User logged in: kari.johnson@ks.gov","timestamp":"2025-03-13 07:05:51"}
{"level":"info","message":"2025-03-13T12:05:51.224Z [INFO] : ::ffff:127.0.0.1 /login 200 333.771 ms","timestamp":"2025-03-13 07:05:51"}
{"level":"info","message":"User logged in: #4872930: charlotte, adams","timestamp":"2025-03-13 07:06:04"}
{"level":"info","message":"User logged in: shawn.williams@ks.gov","timestamp":"2025-03-13 07:06:27"}
{"level":"info","message":"2025-03-13T12:06:27.911Z [INFO] : ::1 /login 200 238.672 ms","timestamp":"2025-03-13 07:06:27"}
{"level":"info","message":"User attempted login: shawn.williams@ks.gov: wrong email","timestamp":"2025-03-13 09:21:20"}
{"level":"info","message":"2025-03-13T14:21:20.829Z [INFO] : ::1 /login 400 434.552 ms","timestamp":"2025-03-13 09:21:20"}
{"level":"warn","message":"An error occurred while fetching resident clearance notes: Error: Invalid resident ID format. It must be a 7-digit number (0-9) with no letters or symbols.","timestamp":"2025-03-13 10:16:09"}
{"level":"warn","message":"An error occurred while fetching resident clearance notes: Error: Invalid resident ID format. It must be a 7-digit number (0-9) with no letters or symbols.","timestamp":"2025-03-13 10:16:09"}
{"level":"warn","message":"An error occurred while fetching resident clearance notes: Error: Invalid resident ID format. It must be a 7-digit number (0-9) with no letters or symbols.","timestamp":"2025-03-13 10:16:09"}
{"level":"warn","message":"An error occurred while fetching resident clearance notes: Error: Invalid resident ID format. It must be a 7-digit number (0-9) with no letters or symbols.","timestamp":"2025-03-13 10:16:09"}
{"level":"warn","message":"An error occurred while fetching resident clearance notes: Error: Invalid resident ID format. It must be a 7-digit number (0-9) with no letters or symbols.","timestamp":"2025-03-13 10:16:59"}
{"level":"warn","message":"An error occurred while fetching resident clearance notes: Error: Invalid resident ID format. It must be a 7-digit number (0-9) with no letters or symbols.","timestamp":"2025-03-13 10:16:59"}
{"level":"warn","message":"An error occurred while fetching resident clearance notes: Error: Invalid resident ID format. It must be a 7-digit number (0-9) with no letters or symbols.","timestamp":"2025-03-13 10:16:59"}
{"level":"warn","message":"An error occurred while fetching resident clearance notes: Error: Invalid resident ID format. It must be a 7-digit number (0-9) with no letters or symbols.","timestamp":"2025-03-13 10:16:59"}
{"level":"warn","message":"An error occurred while fetching resident clearance notes: TypeError: Resident.findOne(...).lean is not a function","timestamp":"2025-03-13 10:18:31"}
{"level":"warn","message":"An error occurred while fetching resident clearance notes: Error: Invalid resident ID format. It must be a 7-digit number (0-9) with no letters or symbols.","timestamp":"2025-03-13 10:18:31"}
{"level":"warn","message":"An error occurred while fetching resident clearance notes: Error: Invalid resident ID format. It must be a 7-digit number (0-9) with no letters or symbols.","timestamp":"2025-03-13 10:18:31"}
{"level":"warn","message":"An error occurred while fetching resident clearance notes: Error: Invalid resident ID format. It must be a 7-digit number (0-9) with no letters or symbols.","timestamp":"2025-03-13 10:18:31"}
{"level":"info","message":"User logged in: alice.johnson@ks.gov","timestamp":"2025-03-13 10:27:10"}
{"level":"info","message":"2025-03-13T15:27:10.584Z [INFO] : ::ffff:127.0.0.1 /login 200 426.277 ms","timestamp":"2025-03-13 10:27:10"}
{"level":"warn","message":"An error occurred while fetching resident clearance notes: TypeError: Resident.findOne(...).lean is not a function","timestamp":"2025-03-13 10:34:16"}
{"level":"warn","message":"An error occurred while fetching resident clearance notes: TypeError: Resident.findOne(...).lean is not a function","timestamp":"2025-03-13 10:37:00"}
{"level":"warn","message":"An error occurred while fetching resident clearance notes: Error: Database error","timestamp":"2025-03-13 10:39:48"}
{"level":"warn","message":"An error occurred while fetching resident clearance notes: Error: Database error","timestamp":"2025-03-13 10:40:34"}
{"level":"warn","message":"An error occurred while fetching resident clearance notes: Error: Database error","timestamp":"2025-03-13 10:41:17"}
{"level":"warn","message":"An error occurred while fetching resident clearance notes: Error: Database error","timestamp":"2025-03-13 10:42:13"}
{"level":"warn","message":"An error occurred while fetching resident clearance notes: Error: Database error","timestamp":"2025-03-13 10:42:52"}
{"level":"warn","message":"An error occurred while fetching resident clearance notes: Error: Database error","timestamp":"2025-03-13 10:43:34"}
{"level":"warn","message":"An error occurred while fetching resident clearance notes: Error: Database error","timestamp":"2025-03-13 11:03:34"}
{"level":"warn","message":"An error occurred while fetching resident clearance notes: Error: Database error","timestamp":"2025-03-13 11:04:24"}
{"level":"warn","message":"An error occurred while fetching resident clearance notes: Error: Database error","timestamp":"2025-03-13 11:06:46"}
{"level":"warn","message":"An error occurred while fetching resident clearance notes: Error: Database error","timestamp":"2025-03-13 11:08:57"}
{"level":"warn","message":"An error occurred while adding resident notes:  Mapping error","stack":"Error: Mapping error\n    at C:\\Users\\KCTCodingIm12\\Desktop\\KCI PI Beta 3.0\\_tests_\\addNotes.test.js:63:13\n    at C:\\Users\\KCTCodingIm12\\Desktop\\KCI PI Beta 3.0\\node_modules\\jest-mock\\build\\index.js:397:39\n    at C:\\Users\\KCTCodingIm12\\Desktop\\KCI PI Beta 3.0\\node_modules\\jest-mock\\build\\index.js:404:13\n    at mockConstructor (C:\\Users\\KCTCodingIm12\\Desktop\\KCI PI Beta 3.0\\node_modules\\jest-mock\\build\\index.js:148:19)\n    at mapDepartmentName (eval at _createMockFunction (C:\\Users\\KCTCodingIm12\\Desktop\\KCI PI Beta 3.0\\node_modules\\jest-mock\\build\\index.js:566:31), <anonymous>:3:63)\n    at mapDepartmentName (C:\\Users\\KCTCodingIm12\\Desktop\\KCI PI Beta 3.0\\api\\controllers\\clearanceControllers.js:332:14)\n    at Object.addNotes (C:\\Users\\KCTCodingIm12\\Desktop\\KCI PI Beta 3.0\\_tests_\\addNotes.test.js:66:11)\n    at Promise.then.completed (C:\\Users\\KCTCodingIm12\\Desktop\\KCI PI Beta 3.0\\node_modules\\jest-circus\\build\\utils.js:298:28)\n    at new Promise (<anonymous>)\n    at callAsyncCircusFn (C:\\Users\\KCTCodingIm12\\Desktop\\KCI PI Beta 3.0\\node_modules\\jest-circus\\build\\utils.js:231:10)\n    at _callCircusTest (C:\\Users\\KCTCodingIm12\\Desktop\\KCI PI Beta 3.0\\node_modules\\jest-circus\\build\\run.js:316:40)\n    at processTicksAndRejections (node:internal/process/task_queues:95:5)\n    at _runTest (C:\\Users\\KCTCodingIm12\\Desktop\\KCI PI Beta 3.0\\node_modules\\jest-circus\\build\\run.js:252:3)\n    at _runTestsForDescribeBlock (C:\\Users\\KCTCodingIm12\\Desktop\\KCI PI Beta 3.0\\node_modules\\jest-circus\\build\\run.js:126:9)\n    at _runTestsForDescribeBlock (C:\\Users\\KCTCodingIm12\\Desktop\\KCI PI Beta 3.0\\node_modules\\jest-circus\\build\\run.js:121:9)\n    at run (C:\\Users\\KCTCodingIm12\\Desktop\\KCI PI Beta 3.0\\node_modules\\jest-circus\\build\\run.js:71:3)\n    at runAndTransformResultsToJestFormat (C:\\Users\\KCTCodingIm12\\Desktop\\KCI PI Beta 3.0\\node_modules\\jest-circus\\build\\legacy-code-todo-rewrite\\jestAdapterInit.js:122:21)\n    at jestAdapter (C:\\Users\\KCTCodingIm12\\Desktop\\KCI PI Beta 3.0\\node_modules\\jest-circus\\build\\legacy-code-todo-rewrite\\jestAdapter.js:79:19)\n    at runTestInternal (C:\\Users\\KCTCodingIm12\\Desktop\\KCI PI Beta 3.0\\node_modules\\jest-runner\\build\\runTest.js:367:16)\n    at runTest (C:\\Users\\KCTCodingIm12\\Desktop\\KCI PI Beta 3.0\\node_modules\\jest-runner\\build\\runTest.js:444:34)","timestamp":"2025-03-13 11:11:05"}
{"level":"warn","message":"An error occurred while adding resident notes:  Mapping error","stack":"Error: Mapping error\n    at C:\\Users\\KCTCodingIm12\\Desktop\\KCI PI Beta 3.0\\_tests_\\addNotes.test.js:63:13\n    at C:\\Users\\KCTCodingIm12\\Desktop\\KCI PI Beta 3.0\\node_modules\\jest-mock\\build\\index.js:397:39\n    at C:\\Users\\KCTCodingIm12\\Desktop\\KCI PI Beta 3.0\\node_modules\\jest-mock\\build\\index.js:404:13\n    at mockConstructor (C:\\Users\\KCTCodingIm12\\Desktop\\KCI PI Beta 3.0\\node_modules\\jest-mock\\build\\index.js:148:19)\n    at mapDepartmentName (eval at _createMockFunction (C:\\Users\\KCTCodingIm12\\Desktop\\KCI PI Beta 3.0\\node_modules\\jest-mock\\build\\index.js:566:31), <anonymous>:3:63)\n    at mapDepartmentName (C:\\Users\\KCTCodingIm12\\Desktop\\KCI PI Beta 3.0\\api\\controllers\\clearanceControllers.js:333:14)\n    at Object.addNotes (C:\\Users\\KCTCodingIm12\\Desktop\\KCI PI Beta 3.0\\_tests_\\addNotes.test.js:66:11)\n    at Promise.then.completed (C:\\Users\\KCTCodingIm12\\Desktop\\KCI PI Beta 3.0\\node_modules\\jest-circus\\build\\utils.js:298:28)\n    at new Promise (<anonymous>)\n    at callAsyncCircusFn (C:\\Users\\KCTCodingIm12\\Desktop\\KCI PI Beta 3.0\\node_modules\\jest-circus\\build\\utils.js:231:10)\n    at _callCircusTest (C:\\Users\\KCTCodingIm12\\Desktop\\KCI PI Beta 3.0\\node_modules\\jest-circus\\build\\run.js:316:40)\n    at processTicksAndRejections (node:internal/process/task_queues:95:5)\n    at _runTest (C:\\Users\\KCTCodingIm12\\Desktop\\KCI PI Beta 3.0\\node_modules\\jest-circus\\build\\run.js:252:3)\n    at _runTestsForDescribeBlock (C:\\Users\\KCTCodingIm12\\Desktop\\KCI PI Beta 3.0\\node_modules\\jest-circus\\build\\run.js:126:9)\n    at _runTestsForDescribeBlock (C:\\Users\\KCTCodingIm12\\Desktop\\KCI PI Beta 3.0\\node_modules\\jest-circus\\build\\run.js:121:9)\n    at run (C:\\Users\\KCTCodingIm12\\Desktop\\KCI PI Beta 3.0\\node_modules\\jest-circus\\build\\run.js:71:3)\n    at runAndTransformResultsToJestFormat (C:\\Users\\KCTCodingIm12\\Desktop\\KCI PI Beta 3.0\\node_modules\\jest-circus\\build\\legacy-code-todo-rewrite\\jestAdapterInit.js:122:21)\n    at jestAdapter (C:\\Users\\KCTCodingIm12\\Desktop\\KCI PI Beta 3.0\\node_modules\\jest-circus\\build\\legacy-code-todo-rewrite\\jestAdapter.js:79:19)\n    at runTestInternal (C:\\Users\\KCTCodingIm12\\Desktop\\KCI PI Beta 3.0\\node_modules\\jest-runner\\build\\runTest.js:367:16)\n    at runTest (C:\\Users\\KCTCodingIm12\\Desktop\\KCI PI Beta 3.0\\node_modules\\jest-runner\\build\\runTest.js:444:34)","timestamp":"2025-03-13 11:12:35"}
{"level":"info","message":"User logged in: shawn.williams@ks.gov","timestamp":"2025-03-13 12:10:17"}
{"level":"info","message":"2025-03-13T17:10:17.890Z [INFO] : ::ffff:127.0.0.1 /login 200 307.898 ms","timestamp":"2025-03-13 12:10:17"}
