{"level":"info","message":"User logged in: chloe.miller@ks.gov","timestamp":"2025-02-28 06:21:36"}
{"level":"info","message":"2025-02-28T12:21:36.289Z [INFO] : ::ffff:127.0.0.1 /login 200 252.934 ms","timestamp":"2025-02-28 06:21:36"}
{"level":"info","message":"Non-Resident logged out: chloe.miller@ks.gov","timestamp":"2025-02-28 06:27:16"}
{"level":"info","message":"User logged in: kari.johnson@ks.gov","timestamp":"2025-02-28 06:27:27"}
{"level":"info","message":"2025-02-28T12:27:27.089Z [INFO] : ::ffff:127.0.0.1 /login 200 179.494 ms","timestamp":"2025-02-28 06:27:27"}
{"level":"info","message":"User logged in: alice.johnson@ks.gov","timestamp":"2025-02-28 06:27:57"}
{"level":"info","message":"2025-02-28T12:27:57.766Z [INFO] : ::1 /login 200 185.070 ms","timestamp":"2025-02-28 06:27:57"}
{"level":"info","message":"User logged out: alice.johnson@ks.gov","timestamp":"2025-02-28 06:50:02"}
{"level":"info","message":"User logged in: alice.johnson@ks.gov","timestamp":"2025-02-28 06:50:10"}
{"level":"info","message":"2025-02-28T12:50:10.958Z [INFO] : ::1 /login 200 199.005 ms","timestamp":"2025-02-28 06:50:10"}
{"level":"info","message":"User logged out: alice.johnson@ks.gov","timestamp":"2025-02-28 06:51:29"}
{"level":"info","message":"User logged in: alice.johnson@ks.gov","timestamp":"2025-02-28 06:51:36"}
{"level":"info","message":"2025-02-28T12:51:36.501Z [INFO] : ::1 /login 200 186.185 ms","timestamp":"2025-02-28 06:51:36"}
{"level":"info","message":"User logged in: #4782635: sophia, clark","timestamp":"2025-02-28 07:26:30"}
{"level":"info","message":"User logged in: alice.johnson@ks.gov","timestamp":"2025-02-28 08:26:11"}
{"level":"info","message":"2025-02-28T14:26:11.480Z [INFO] : ::ffff:127.0.0.1 /login 200 441.945 ms","timestamp":"2025-02-28 08:26:11"}
{"level":"info","message":"User logged in: alice.johnson@ks.gov","timestamp":"2025-02-28 10:30:59"}
{"level":"info","message":"2025-02-28T16:30:59.155Z [INFO] : ::ffff:127.0.0.1 /login 200 187.820 ms","timestamp":"2025-02-28 10:30:59"}
{"level":"info","message":"User logged in: #4872930: charlotte, adams","timestamp":"2025-02-28 10:31:12"}
{"level":"info","message":"Resident logged out: #4872930: charlotte adams ","timestamp":"2025-02-28 10:40:45"}
{"level":"info","message":"User logged in: #1029384: lily, garcia","timestamp":"2025-02-28 10:40:47"}
{"level":"warn","message":"Error generating applicants report: ReferenceError: applicantIDs is not defined","timestamp":"2025-02-28 11:00:01"}
{"level":"info","message":"User logged in: alice.johnson@ks.gov","timestamp":"2025-02-28 12:05:17"}
{"level":"info","message":"2025-02-28T18:05:17.164Z [INFO] : ::ffff:127.0.0.1 /login 200 196.199 ms","timestamp":"2025-02-28 12:05:17"}
{"level":"info","message":"User logged in: shawn.williams@ks.gov","timestamp":"2025-02-28 12:11:21"}
{"level":"info","message":"2025-02-28T18:11:21.902Z [INFO] : ::1 /login 200 171.349 ms","timestamp":"2025-02-28 12:11:21"}
{"level":"info","message":"User logged in: #4872930: charlotte, adams","timestamp":"2025-02-28 12:17:01"}
{"level":"info","message":"User logged in: shawn.williams@ks.gov","timestamp":"2025-02-28 12:20:09"}
{"level":"info","message":"2025-02-28T18:20:09.788Z [INFO] : ::1 /login 200 190.034 ms","timestamp":"2025-02-28 12:20:09"}
{"level":"info","message":"User logged in: alice.johnson@ks.gov","timestamp":"2025-02-28 12:20:44"}
{"level":"info","message":"2025-02-28T18:20:44.613Z [INFO] : ::ffff:127.0.0.1 /login 200 159.432 ms","timestamp":"2025-02-28 12:20:44"}
{"level":"info","message":"User logged in: #4872930: charlotte, adams","timestamp":"2025-02-28 12:22:17"}
